INFO:root:2021-09-01 12:19:45.723377 16 - ON
INFO:root:2021-09-01 12:19:45.723684 18 - ON
INFO:root:2021-09-01 12:19:46.252065the Temp is 22.0 and humidity of 60.4%
DEBUG:asyncio:Using selector: EpollSelector
INFO:root:2021-09-01 12:22:20.675114 38 - ON
INFO:root:2021-09-01 12:22:20.675491 13 - ON
INFO:root:2021-09-01 12:22:20.675676 15 - ON
INFO:root:2021-09-01 12:22:20.675847 16 - ON
INFO:root:2021-09-01 12:22:20.676150 18 - ON
INFO:root:2021-09-01 12:22:21.204482the Temp is 22.0 and humidity of 60.4%
DEBUG:asyncio:Using selector: EpollSelector
INFO:root:2021-09-01 12:41:17.554796 38 - ON
INFO:root:2021-09-01 12:41:17.555174 13 - ON
INFO:root:2021-09-01 12:41:17.555373 15 - ON
INFO:root:2021-09-01 12:41:17.555551 16 - ON
INFO:root:2021-09-01 12:41:17.555894 18 - ON
INFO:root:2021-09-01 12:41:18.084209the Temp is 22.2 and humidity of 61.2%
INFO:root:2021-09-01 12:46:17.651909 38 - OFF
INFO:root:2021-09-01 12:46:17.652578 13 - OFF
INFO:root:2021-09-01 12:46:17.652990 15 - OFF
INFO:root:2021-09-01 12:46:17.653339 16 - OFF
INFO:root:2021-09-01 12:46:18.179482the Temp is 22.3 and humidity of 61.2%
INFO:root:2021-09-01 12:51:17.655096 38 - ON
INFO:root:2021-09-01 12:51:17.655771 13 - ON
INFO:root:2021-09-01 12:51:17.656134 15 - ON
INFO:root:2021-09-01 12:51:17.656471 16 - ON
INFO:root:2021-09-01 12:51:25.765486the Temp is 22.2 and humidity of 61.7%
INFO:root:2021-09-01 12:56:17.582180 18 - OFF
INFO:root:2021-09-01 12:56:17.657351 38 - OFF
INFO:root:2021-09-01 12:56:17.657861 13 - OFF
INFO:root:2021-09-01 12:56:17.658229 15 - OFF
INFO:root:2021-09-01 12:56:17.658570 16 - OFF
INFO:root:2021-09-01 12:56:18.184779the Temp is 22.3 and humidity of 60.9%
INFO:root:2021-09-01 13:01:17.584427 18 - ON
INFO:root:2021-09-01 13:01:17.659600 38 - ON
INFO:root:2021-09-01 13:01:17.660089 13 - ON
INFO:root:2021-09-01 13:01:17.660455 15 - ON
INFO:root:2021-09-01 13:01:17.660792 16 - ON
INFO:root:2021-09-01 13:01:18.187109the Temp is 22.2 and humidity of 61.7%
INFO:root:2021-09-01 13:06:17.662834 38 - OFF
INFO:root:2021-09-01 13:06:17.663490 13 - OFF
INFO:root:2021-09-01 13:06:17.663848 15 - OFF
INFO:root:2021-09-01 13:06:17.664186 16 - OFF
INFO:root:2021-09-01 13:06:18.190364the Temp is 22.3 and humidity of 61.8%
INFO:root:2021-09-01 13:11:17.672421 38 - ON
INFO:root:2021-09-01 13:11:17.673085 13 - ON
INFO:root:2021-09-01 13:11:17.673442 15 - ON
INFO:root:2021-09-01 13:11:17.673781 16 - ON
INFO:root:2021-09-01 13:11:18.200035the Temp is 22.2 and humidity of 62.3%
INFO:root:2021-09-01 13:16:17.587129 18 - OFF
INFO:root:2021-09-01 13:16:17.676374 38 - OFF
INFO:root:2021-09-01 13:16:17.676871 13 - OFF
INFO:root:2021-09-01 13:16:17.677238 15 - OFF
INFO:root:2021-09-01 13:16:17.677577 16 - OFF
INFO:root:2021-09-01 13:16:18.203644the Temp is 22.5 and humidity of 62.3%
DEBUG:asyncio:Using selector: EpollSelector
INFO:root:2021-09-01 13:17:23.437264 38 - ON
INFO:root:2021-09-01 13:17:23.437642 13 - ON
INFO:root:2021-09-01 13:17:23.437829 15 - ON
INFO:root:2021-09-01 13:17:23.437997 16 - ON
INFO:root:2021-09-01 13:17:23.438301 18 - ON
INFO:root:2021-09-01 13:17:23.966591the Temp is 22.5 and humidity of 62.1%
INFO:root:2021-09-01 13:22:23.451886 38 - OFF
INFO:root:2021-09-01 13:22:23.452546 13 - OFF
INFO:root:2021-09-01 13:22:23.452919 15 - OFF
INFO:root:2021-09-01 13:22:23.453260 16 - OFF
ERROR:asyncio:Task exception was never retrieved
future: <Task finished coro=<TempHum() done, defined at /home/pi/pump/async.py:27> exception=TypeError("'>' not supported between instances of 'NoneType' and 'int'")>
Traceback (most recent call last):
  File "/home/pi/pump/async.py", line 35, in TempHum
    if humidity > 20 or humidity < 100 or temperature > 8 or temperature < 50:
TypeError: '>' not supported between instances of 'NoneType' and 'int'
INFO:root:2021-09-01 13:27:23.454910 38 - ON
INFO:root:2021-09-01 13:27:23.455562 13 - ON
INFO:root:2021-09-01 13:27:23.455930 15 - ON
INFO:root:2021-09-01 13:27:23.456268 16 - ON
INFO:root:2021-09-01 13:32:23.440183 18 - OFF
INFO:root:2021-09-01 13:32:23.457328 38 - OFF
INFO:root:2021-09-01 13:32:23.457819 13 - OFF
INFO:root:2021-09-01 13:32:23.458179 15 - OFF
INFO:root:2021-09-01 13:32:23.458572 16 - OFF
INFO:root:2021-09-01 13:37:23.441658 18 - ON
INFO:root:2021-09-01 13:37:23.459794 38 - ON
INFO:root:2021-09-01 13:37:23.460255 13 - ON
INFO:root:2021-09-01 13:37:23.460614 15 - ON
INFO:root:2021-09-01 13:37:23.460952 16 - ON
INFO:root:2021-09-01 13:42:23.462553 38 - OFF
INFO:root:2021-09-01 13:42:23.463213 13 - OFF
INFO:root:2021-09-01 13:42:23.463579 15 - OFF
INFO:root:2021-09-01 13:42:23.463917 16 - OFF
INFO:root:2021-09-01 13:47:23.465601 38 - ON
INFO:root:2021-09-01 13:47:23.466260 13 - ON
INFO:root:2021-09-01 13:47:23.466625 15 - ON
INFO:root:2021-09-01 13:47:23.466964 16 - ON
INFO:root:2021-09-01 13:52:23.542968 18 - OFF
INFO:root:2021-09-01 13:52:23.543796 38 - OFF
INFO:root:2021-09-01 13:52:23.544191 13 - OFF
INFO:root:2021-09-01 13:52:23.544535 15 - OFF
INFO:root:2021-09-01 13:52:23.544871 16 - OFF
INFO:root:2021-09-01 13:57:23.581847 18 - ON
INFO:root:2021-09-01 13:57:23.582683 38 - ON
INFO:root:2021-09-01 13:57:23.583082 13 - ON
INFO:root:2021-09-01 13:57:23.583426 15 - ON
INFO:root:2021-09-01 13:57:23.583763 16 - ON
INFO:root:2021-09-01 14:02:23.684702 38 - OFF
INFO:root:2021-09-01 14:02:23.685367 13 - OFF
INFO:root:2021-09-01 14:02:23.685736 15 - OFF
INFO:root:2021-09-01 14:02:23.686074 16 - OFF
INFO:root:2021-09-01 14:07:23.687486 38 - ON
INFO:root:2021-09-01 14:07:23.688152 13 - ON
INFO:root:2021-09-01 14:07:23.688520 15 - ON
INFO:root:2021-09-01 14:07:23.688858 16 - ON
INFO:root:2021-09-01 14:12:23.584678 18 - OFF
INFO:root:2021-09-01 14:12:23.690892 38 - OFF
INFO:root:2021-09-01 14:12:23.691417 13 - OFF
INFO:root:2021-09-01 14:12:23.691812 15 - OFF
INFO:root:2021-09-01 14:12:23.692151 16 - OFF
INFO:root:2021-09-01 14:17:23.586178 18 - ON
INFO:root:2021-09-01 14:17:23.693293 38 - ON
INFO:root:2021-09-01 14:17:23.693789 13 - ON
INFO:root:2021-09-01 14:17:23.694145 15 - ON
INFO:root:2021-09-01 14:17:23.694482 16 - ON
INFO:root:2021-09-01 14:22:23.795423 38 - OFF
INFO:root:2021-09-01 14:22:23.796085 13 - OFF
INFO:root:2021-09-01 14:22:23.796458 15 - OFF
INFO:root:2021-09-01 14:22:23.796797 16 - OFF
INFO:root:2021-09-01 14:27:23.872075 38 - ON
INFO:root:2021-09-01 14:27:23.872742 13 - ON
INFO:root:2021-09-01 14:27:23.873103 15 - ON
INFO:root:2021-09-01 14:27:23.873440 16 - ON
INFO:root:2021-09-01 14:32:23.687411 18 - OFF
INFO:root:2021-09-01 14:32:23.874758 38 - OFF
INFO:root:2021-09-01 14:32:23.875334 13 - OFF
INFO:root:2021-09-01 14:32:23.875711 15 - OFF
INFO:root:2021-09-01 14:32:23.876048 16 - OFF
DEBUG:asyncio:Using selector: EpollSelector
INFO:root:2021-09-01 14:33:39.233281 38 - ON
INFO:root:2021-09-01 14:33:39.233686 13 - ON
INFO:root:2021-09-01 14:33:39.233877 15 - ON
INFO:root:2021-09-01 14:33:39.234047 16 - ON
INFO:root:2021-09-01 14:33:39.234356 18 - ON
ERROR:asyncio:Task exception was never retrieved
future: <Task finished coro=<TempHum() done, defined at /home/pi/pump/async.py:27> exception=TypeError("'>' not supported between instances of 'NoneType' and 'int'")>
Traceback (most recent call last):
  File "/home/pi/pump/async.py", line 35, in TempHum
    if humidity > 20 or humidity < 100 or temperature > 8 or temperature < 50:
TypeError: '>' not supported between instances of 'NoneType' and 'int'
INFO:root:2021-09-01 14:38:39.332580 38 - OFF
INFO:root:2021-09-01 14:38:39.333249 13 - OFF
INFO:root:2021-09-01 14:38:39.333613 15 - OFF
INFO:root:2021-09-01 14:38:39.333953 16 - OFF
DEBUG:asyncio:Using selector: EpollSelector
INFO:root:2021-09-01 14:39:29.897131 38 - ON
INFO:root:2021-09-01 14:39:29.897518 13 - ON
INFO:root:2021-09-01 14:39:29.897712 15 - ON
INFO:root:2021-09-01 14:39:29.897886 16 - ON
INFO:root:2021-09-01 14:39:29.898199 18 - ON
ERROR:asyncio:Task exception was never retrieved
future: <Task finished coro=<TempHum() done, defined at /home/pi/pump/async.py:27> exception=TypeError("'>' not supported between instances of 'NoneType' and 'int'")>
Traceback (most recent call last):
  File "/home/pi/pump/async.py", line 35, in TempHum
    if humidity > 20 or humidity < 100 or temperature > 8 or temperature < 50:
TypeError: '>' not supported between instances of 'NoneType' and 'int'
DEBUG:asyncio:Using selector: EpollSelector
INFO:root:2021-09-01 14:52:33.870811 38 - ON
INFO:root:2021-09-01 14:52:33.871249 13 - ON
INFO:root:2021-09-01 14:52:33.871506 15 - ON
INFO:root:2021-09-01 14:52:33.871690 16 - ON
INFO:root:2021-09-01 14:52:33.872004 18 - ON
ERROR:asyncio:Task exception was never retrieved
future: <Task finished coro=<TempHum() done, defined at /home/pi/pump/async.py:28> exception=TypeError("'>' not supported between instances of 'NoneType' and 'int'")>
Traceback (most recent call last):
  File "/home/pi/pump/async.py", line 36, in TempHum
    try:
TypeError: '>' not supported between instances of 'NoneType' and 'int'
DEBUG:asyncio:Using selector: EpollSelector
INFO:root:2021-09-01 14:53:17.978836 38 - ON
INFO:root:2021-09-01 14:53:17.979225 13 - ON
INFO:root:2021-09-01 14:53:17.979424 15 - ON
INFO:root:2021-09-01 14:53:17.979598 16 - ON
INFO:root:2021-09-01 14:53:17.979890 18 - ON
WARNING:root:Sensor Val not avail
WARNING:root:Sensor Val not avail
